<?xml version="1.0" encoding="UTF-8"?>
<!-- Generated by org.testng.reporters.JUnitXMLReporter -->
<testsuite ignored="0" hostname="DESKTOP-M82LT7P" failures="0" tests="4" name="Test" time="53.13" errors="0" timestamp="2023-10-17T08:47:25 IST">
  <testcase classname="com.inetbanking.pageObjects.TC_LoginTest_001" name="loginTest" time="7.371"/>
  <testcase classname="com.inetbanking.pageObjects.TC_NewAccount_004" name="NewAccount" time="25.056"/>
  <testcase classname="com.inetbanking.pageObjects.TC_LoginTestDDT_002" name="DDT" time="47.842"/>
  <testcase classname="com.inetbanking.pageObjects.TC_NewCustomer_003" name="addCustomer" time="40.637"/>
</testsuite> <!-- Test -->
